2025-11-13 22:53:41
Student ID: 2200661
Quiz ID: 28
Answers JSON: {"q30":""}
Answers Length: 10
------------------------
2025-11-13 22:53:43
Student ID: 2200661
Quiz ID: 28
Answers JSON: {"q30":""}
Answers Length: 10
------------------------
2025-11-13 22:53:44
Student ID: 2200661
Quiz ID: 28
Answers JSON: {"q30":""}
Answers Length: 10
------------------------
2025-11-13 22:53:46
Student ID: 2200661
Quiz ID: 28
Answers JSON: {"q30":""}
Answers Length: 10
------------------------
2025-11-13 22:53:47
Student ID: 2200661
Quiz ID: 28
Answers JSON: {"q30":""}
Answers Length: 10
------------------------
2025-11-13 22:53:48
Student ID: 2200661
Quiz ID: 28
Answers JSON: {"q30":""}
Answers Length: 10
------------------------
